# JRE version: Java(TM) SE Runtime Environment (12.0+33) (build 12+33)
# Java VM: Java HotSpot(TM) 64-Bit Server VM (12+33, mixed mode, sharing, tiered, compressed oops, g1 gc, windows-amd64)
Heap:
 garbage-first heap   total 103424K, used 66734K [0x0000000702200000, 0x0000000800000000)
  region size 1024K, 41 young (41984K), 7 survivors (7168K)
 Metaspace       used 49892K, capacity 51450K, committed 51584K, reserved 1093632K
  class space    used 6852K, capacity 7439K, committed 7552K, reserved 1048576K
GC Heap History (10 events):
Event: 2.749 GC heap before
{Heap before GC invocations=7 (full 0):
 garbage-first heap   total 160768K, used 77999K [0x0000000702200000, 0x0000000800000000)
  region size 1024K, 68 young (69632K), 8 survivors (8192K)
 Metaspace       used 34661K, capacity 35752K, committed 35840K, reserved 1079296K
  class space    used 4666K, capacity 5057K, committed 5120K, reserved 1048576K
}
Event: 2.756 GC heap after
{Heap after GC invocations=8 (full 0):
 garbage-first heap   total 160768K, used 21420K [0x0000000702200000, 0x0000000800000000)
  region size 1024K, 9 young (9216K), 9 survivors (9216K)
 Metaspace       used 34661K, capacity 35752K, committed 35840K, reserved 1079296K
  class space    used 4666K, capacity 5057K, committed 5120K, reserved 1048576K
}
Event: 3.335 GC heap before
{Heap before GC invocations=9 (full 0):
 garbage-first heap   total 86016K, used 63404K [0x0000000702200000, 0x0000000800000000)
  region size 1024K, 50 young (51200K), 9 survivors (9216K)
 Metaspace       used 41000K, capacity 42198K, committed 42496K, reserved 1085440K
  class space    used 5598K, capacity 6047K, committed 6144K, reserved 1048576K
}
Event: 3.340 GC heap after
{Heap after GC invocations=10 (full 0):
 garbage-first heap   total 86016K, used 23349K [0x0000000702200000, 0x0000000800000000)
  region size 1024K, 6 young (6144K), 6 survivors (6144K)
 Metaspace       used 41000K, capacity 42198K, committed 42496K, reserved 1085440K
  class space    used 5598K, capacity 6047K, committed 6144K, reserved 1048576K
}
Event: 3.685 GC heap before
{Heap before GC invocations=10 (full 0):
 garbage-first heap   total 86016K, used 66357K [0x0000000702200000, 0x0000000800000000)
  region size 1024K, 48 young (49152K), 6 survivors (6144K)
 Metaspace       used 45198K, capacity 46506K, committed 46720K, reserved 1089536K
  class space    used 6189K, capacity 6674K, committed 6784K, reserved 1048576K
}
Event: 3.690 GC heap after
{Heap after GC invocations=11 (full 0):
 garbage-first heap   total 103424K, used 25979K [0x0000000702200000, 0x0000000800000000)
  region size 1024K, 5 young (5120K), 5 survivors (5120K)
 Metaspace       used 45198K, capacity 46506K, committed 46720K, reserved 1089536K
  class space    used 6189K, capacity 6674K, committed 6784K, reserved 1048576K
}
Event: 4.028 GC heap before
{Heap before GC invocations=11 (full 0):
 garbage-first heap   total 103424K, used 80251K [0x0000000702200000, 0x0000000800000000)
  region size 1024K, 58 young (59392K), 5 survivors (5120K)
 Metaspace       used 46937K, capacity 48343K, committed 48512K, reserved 1091584K
  class space    used 6440K, capacity 6943K, committed 7040K, reserved 1048576K
}
Event: 4.035 GC heap after
{Heap after GC invocations=12 (full 0):
 garbage-first heap   total 103424K, used 29603K [0x0000000702200000, 0x0000000800000000)
  region size 1024K, 7 young (7168K), 7 survivors (7168K)
 Metaspace       used 46937K, capacity 48343K, committed 48512K, reserved 1091584K
  class space    used 6440K, capacity 6943K, committed 7040K, reserved 1048576K
}
Event: 4.473 GC heap before
{Heap before GC invocations=12 (full 0):
 garbage-first heap   total 103424K, used 80803K [0x0000000702200000, 0x0000000800000000)
  region size 1024K, 57 young (58368K), 7 survivors (7168K)
 Metaspace       used 48420K, capacity 49842K, committed 49920K, reserved 1091584K
  class space    used 6635K, capacity 7161K, committed 7168K, reserved 1048576K
}
Event: 4.481 GC heap after
{Heap after GC invocations=13 (full 0):
 garbage-first heap   total 103424K, used 32942K [0x0000000702200000, 0x0000000800000000)
  region size 1024K, 7 young (7168K), 7 survivors (7168K)
 Metaspace       used 48420K, capacity 49842K, committed 49920K, reserved 1091584K
  class space    used 6635K, capacity 7161K, committed 7168K, reserved 1048576K
}

